Using pre-set license
Built from '2021.3/china_unity/release' branch; Version is '2021.3.18f1c1 (93698379025b) revision 9660803'; Using compiler version '192829333'; Build Type 'Release'
OS: 'Windows 11  (10.0.22621) 64bit CoreCountrySpecific' Language: 'zh' Physical Memory: 16236 MB
BatchMode: 1, IsHumanControllingUs: 0, StartBugReporterOnCrash: 0, Is64bit: 1, IsPro: 1

COMMAND LINE ARGUMENTS:
D:\Unity\Hub\Editor\2021.3.18f1c1\Editor\Unity.exe
-adb2
-batchMode
-noUpm
-name
AssetImportWorker1
-projectPath
D:/Program Files (x86)/Assessment3/ass3
-logFile
Logs/AssetImportWorker1.log
-srvPort
56757
Successfully changed project path to: D:/Program Files (x86)/Assessment3/ass3
D:/Program Files (x86)/Assessment3/ass3
[UnityMemory] Configuration Parameters - Can be set up in boot.config
    "memorysetup-bucket-allocator-granularity=16"
    "memorysetup-bucket-allocator-bucket-count=8"
    "memorysetup-bucket-allocator-block-size=33554432"
    "memorysetup-bucket-allocator-block-count=8"
    "memorysetup-main-allocator-block-size=16777216"
    "memorysetup-thread-allocator-block-size=16777216"
    "memorysetup-gfx-main-allocator-block-size=16777216"
    "memorysetup-gfx-thread-allocator-block-size=16777216"
    "memorysetup-cache-allocator-block-size=4194304"
    "memorysetup-typetree-allocator-block-size=2097152"
    "memorysetup-profiler-bucket-allocator-granularity=16"
    "memorysetup-profiler-bucket-allocator-bucket-count=8"
    "memorysetup-profiler-bucket-allocator-block-size=33554432"
    "memorysetup-profiler-bucket-allocator-block-count=8"
    "memorysetup-profiler-allocator-block-size=16777216"
    "memorysetup-profiler-editor-allocator-block-size=1048576"
    "memorysetup-temp-allocator-size-main=16777216"
    "memorysetup-job-temp-allocator-block-size=2097152"
    "memorysetup-job-temp-allocator-block-size-background=1048576"
    "memorysetup-job-temp-allocator-reduction-small-platforms=262144"
    "memorysetup-temp-allocator-size-background-worker=32768"
    "memorysetup-temp-allocator-size-job-worker=262144"
    "memorysetup-temp-allocator-size-preload-manager=33554432"
    "memorysetup-temp-allocator-size-nav-mesh-worker=65536"
    "memorysetup-temp-allocator-size-audio-worker=65536"
    "memorysetup-temp-allocator-size-cloud-worker=32768"
    "memorysetup-temp-allocator-size-gi-baking-worker=262144"
    "memorysetup-temp-allocator-size-gfx=262144"
Player connection [15568] Host "[IP] 192.168.0.101 [Port] 0 [Flags] 2 [Guid] 3149773094 [EditorId] 3149773094 [Version] 1048832 [Id] WindowsEditor(7,ARK) [Debug] 1 [PackageName] WindowsEditor [ProjectName] Editor" joined multi-casting on [225.0.0.222:54997]...

Player connection [15568] Host "[IP] 192.168.0.101 [Port] 0 [Flags] 2 [Guid] 3149773094 [EditorId] 3149773094 [Version] 1048832 [Id] WindowsEditor(7,ARK) [Debug] 1 [PackageName] WindowsEditor [ProjectName] Editor" joined alternative multi-casting on [225.0.0.222:34997]...

AS: AutoStreaming module initializing.
Refreshing native plugins compatible for Editor in 78.10 ms, found 3 plugins.
Preloading 0 native plugins for Editor in 0.00 ms.
Initialize engine version: 2021.3.18f1c1 (93698379025b)
[Subsystems] Discovering subsystems at path D:/Unity/Hub/Editor/2021.3.18f1c1/Editor/Data/Resources/UnitySubsystems
[Subsystems] Discovering subsystems at path D:/Program Files (x86)/Assessment3/ass3/Assets
GfxDevice: creating device client; threaded=0; jobified=0
Direct3D:
    Version:  Direct3D 11.0 [level 11.1]
    Renderer: NVIDIA GeForce RTX 3060 Laptop GPU (ID=0x2560)
    Vendor:   NVIDIA
    VRAM:     6023 MB
    Driver:   31.0.15.1748
Initialize mono
Mono path[0] = 'D:/Unity/Hub/Editor/2021.3.18f1c1/Editor/Data/Managed'
Mono path[1] = 'D:/Unity/Hub/Editor/2021.3.18f1c1/Editor/Data/MonoBleedingEdge/lib/mono/unityjit-win32'
Mono config path = 'D:/Unity/Hub/Editor/2021.3.18f1c1/Editor/Data/MonoBleedingEdge/etc'
Using monoOptions --debugger-agent=transport=dt_socket,embedding=1,server=y,suspend=n,address=127.0.0.1:56452
Begin MonoManager ReloadAssembly
Registering precompiled unity dll's ...
Register platform support module: D:/Unity/Hub/Editor/2021.3.18f1c1/Editor/Data/PlaybackEngines/WebGLSupport/UnityEditor.WebGL.Extensions.dll
Register platform support module: D:/Unity/Hub/Editor/2021.3.18f1c1/Editor/Data/PlaybackEngines/MacStandaloneSupport/UnityEditor.OSXStandalone.Extensions.dll
Register platform support module: D:/Unity/Hub/Editor/2021.3.18f1c1/Editor/Data/PlaybackEngines/WindowsStandaloneSupport/UnityEditor.WindowsStandalone.Extensions.dll
Register platform support module: D:/Unity/Hub/Editor/2021.3.18f1c1/Editor/Data/PlaybackEngines/MetroSupport/UnityEditor.UWP.Extensions.dll
Registered in 0.006145 seconds.
Native extension for UWP target not found
Native extension for WindowsStandalone target not found
Native extension for OSXStandalone target not found
Native extension for WebGL target not found
Refreshing native plugins compatible for Editor in 68.79 ms, found 3 plugins.
Preloading 0 native plugins for Editor in 0.00 ms.
Mono: successfully reloaded assembly
- Completed reload, in  0.588 seconds
Domain Reload Profiling:
	ReloadAssembly (589ms)
		BeginReloadAssembly (91ms)
			ExecutionOrderSort (0ms)
			DisableScriptedObjects (0ms)
			BackupInstance (0ms)
			ReleaseScriptingObjects (0ms)
			CreateAndSetChildDomain (1ms)
		EndReloadAssembly (388ms)
			LoadAssemblies (82ms)
			RebuildTransferFunctionScriptingTraits (0ms)
			SetupTypeCache (86ms)
			ReleaseScriptCaches (0ms)
			RebuildScriptCaches (20ms)
			SetupLoadedEditorAssemblies (228ms)
				LogAssemblyErrors (0ms)
				InitializePlatformSupportModulesInManaged (12ms)
				SetLoadedEditorAssemblies (0ms)
				RefreshPlugins (69ms)
				BeforeProcessingInitializeOnLoad (1ms)
				ProcessInitializeOnLoadAttributes (102ms)
				ProcessInitializeOnLoadMethodAttributes (44ms)
				AfterProcessingInitializeOnLoad (0ms)
				EditorAssembliesLoaded (0ms)
			ExecutionOrderSort2 (0ms)
			AwakeInstancesAfterBackupRestoration (0ms)
Platform modules already initialized, skipping
Registering precompiled user dll's ...
Registered in 0.011326 seconds.
Begin MonoManager ReloadAssembly
Symbol file LoadedFromMemory doesn't match image D:\Program Files (x86)\Assessment3\ass3\Library\PackageCache\com.unity.visualscripting@1.8.0\Editor\VisualScripting.Core\Dependencies\YamlDotNet\Unity.VisualScripting.YamlDotNet.dll
Symbol file LoadedFromMemory doesn't match image D:\Program Files (x86)\Assessment3\ass3\Library\PackageCache\com.unity.visualscripting@1.8.0\Editor\VisualScripting.Core\Dependencies\DotNetZip\Unity.VisualScripting.IonicZip.dll
Native extension for UWP target not found
Native extension for WindowsStandalone target not found
Native extension for OSXStandalone target not found
Native extension for WebGL target not found
Refreshing native plugins compatible for Editor in 0.65 ms, found 3 plugins.
Preloading 0 native plugins for Editor in 0.00 ms.
Mono: successfully reloaded assembly
- Completed reload, in  1.106 seconds
Domain Reload Profiling:
	ReloadAssembly (1107ms)
		BeginReloadAssembly (119ms)
			ExecutionOrderSort (0ms)
			DisableScriptedObjects (5ms)
			BackupInstance (0ms)
			ReleaseScriptingObjects (0ms)
			CreateAndSetChildDomain (20ms)
		EndReloadAssembly (872ms)
			LoadAssemblies (91ms)
			RebuildTransferFunctionScriptingTraits (0ms)
			SetupTypeCache (218ms)
			ReleaseScriptCaches (0ms)
			RebuildScriptCaches (42ms)
			SetupLoadedEditorAssemblies (482ms)
				LogAssemblyErrors (0ms)
				InitializePlatformSupportModulesInManaged (7ms)
				SetLoadedEditorAssemblies (0ms)
				RefreshPlugins (1ms)
				BeforeProcessingInitializeOnLoad (78ms)
				ProcessInitializeOnLoadAttributes (358ms)
				ProcessInitializeOnLoadMethodAttributes (18ms)
				AfterProcessingInitializeOnLoad (20ms)
				EditorAssembliesLoaded (0ms)
			ExecutionOrderSort2 (0ms)
			AwakeInstancesAfterBackupRestoration (12ms)
Platform modules already initialized, skipping
========================================================================
Worker process is ready to serve import requests
Launched and connected shader compiler UnityShaderCompiler.exe after 0.06 seconds
Refreshing native plugins compatible for Editor in 0.58 ms, found 3 plugins.
Preloading 0 native plugins for Editor in 0.00 ms.
Unloading 3227 Unused Serialized files (Serialized files now loaded: 0)
Unloading 37 unused Assets / (184.4 KB). Loaded Objects now: 3706.
Memory consumption went from 132.5 MB to 132.3 MB.
Total: 2.972300 ms (FindLiveObjects: 0.263700 ms CreateObjectMapping: 0.091900 ms MarkObjects: 2.498300 ms  DeleteObjects: 0.117500 ms)

AssetImportParameters requested are different than current active one (requested -> active):
  custom:video-decoder-ogg-theora: a1e56fd34408186e4bbccfd4996cb3dc -> 
  custom:container-muxer-webm: aa71ff27fc2769a1b78a27578f13a17b -> 
  custom:container-demuxer-webm: 4f35f7cbe854078d1ac9338744f61a02 -> 
  custom:video-encoder-webm-vp8: eb34c28f22e8b96e1ab97ce403110664 -> 
  custom:video-codec-MediaFoundation-h265: 746d11721c4dcdbdad8f713fa42b33f4 -> 
  custom:audio-encoder-webm-vorbis: bf7c407c2cedff20999df2af8eb42d56 -> 
  custom:framework-win-MediaFoundation: 216162199b28c13a410421893ffa2e32 -> 
  custom:container-demuxer-ogg: 62fdf1f143b41e24485cea50d1cbac27 -> 
  custom:video-decoder-webm-vp8: 9c59270c3fd7afecdb556c50c9e8de78 -> 
  custom:audio-decoder-ogg-vorbis: bf7c407c2cedff20999df2af8eb42d56 -> 
========================================================================
Received Import Request.
  Time since last request: 146659.600214 seconds.
  path: Assets/SimpleNaturePack/Prefabs/Bush_01.prefab
  artifactKey: Guid(3cdafb3c2f54d434894928d72d282874) Importer(815301076,1909f56bfc062723c751e8b465ee728b)
Start importing Assets/SimpleNaturePack/Prefabs/Bush_01.prefab using Guid(3cdafb3c2f54d434894928d72d282874) Importer(815301076,1909f56bfc062723c751e8b465ee728b)  -> (artifact id: '72a3ed4b33fea2ccb65a5e1d99d33f84') in 0.127290 seconds 
========================================================================
Received Import Request.
  Time since last request: 0.000029 seconds.
  path: Assets/SimpleNaturePack/Prefabs/Rock_02.prefab
  artifactKey: Guid(cebfacc247a640945a2c30b442202fca) Importer(815301076,1909f56bfc062723c751e8b465ee728b)
Start importing Assets/SimpleNaturePack/Prefabs/Rock_02.prefab using Guid(cebfacc247a640945a2c30b442202fca) Importer(815301076,1909f56bfc062723c751e8b465ee728b)  -> (artifact id: '3a79184e24a2cc2b9490580df8351854') in 0.016477 seconds 
========================================================================
Received Import Request.
  Time since last request: 0.000026 seconds.
  path: Assets/SimpleNaturePack/Prefabs/Bush_03.prefab
  artifactKey: Guid(34d3f526198dae440bb2ce6005d86055) Importer(815301076,1909f56bfc062723c751e8b465ee728b)
Start importing Assets/SimpleNaturePack/Prefabs/Bush_03.prefab using Guid(34d3f526198dae440bb2ce6005d86055) Importer(815301076,1909f56bfc062723c751e8b465ee728b)  -> (artifact id: 'acc75674882a5b7a01db249e6fd7f718') in 0.012036 seconds 
========================================================================
Received Import Request.
  Time since last request: 0.000027 seconds.
  path: Assets/SimpleNaturePack/Prefabs/Tree_04.prefab
  artifactKey: Guid(f0c16f0ea935ea64297ca1d4d55d9746) Importer(815301076,1909f56bfc062723c751e8b465ee728b)
Start importing Assets/SimpleNaturePack/Prefabs/Tree_04.prefab using Guid(f0c16f0ea935ea64297ca1d4d55d9746) Importer(815301076,1909f56bfc062723c751e8b465ee728b)  -> (artifact id: 'd383218eb8914d45aa772ab799f1b890') in 0.050835 seconds 
========================================================================
Received Import Request.
  Time since last request: 0.000024 seconds.
  path: Assets/SimpleNaturePack/Prefabs/Mushroom_02.prefab
  artifactKey: Guid(494f6d43e170e9145bc7865d243ee00b) Importer(815301076,1909f56bfc062723c751e8b465ee728b)
Start importing Assets/SimpleNaturePack/Prefabs/Mushroom_02.prefab using Guid(494f6d43e170e9145bc7865d243ee00b) Importer(815301076,1909f56bfc062723c751e8b465ee728b)  -> (artifact id: '9aa519222e3bf980d58ce5f7ab1d7082') in 0.034338 seconds 
========================================================================
Received Import Request.
  Time since last request: 0.000029 seconds.
  path: Assets/SimpleNaturePack/Prefabs/Tree_02.prefab
  artifactKey: Guid(e289bf5debb17f6459818c207d781953) Importer(815301076,1909f56bfc062723c751e8b465ee728b)
Start importing Assets/SimpleNaturePack/Prefabs/Tree_02.prefab using Guid(e289bf5debb17f6459818c207d781953) Importer(815301076,1909f56bfc062723c751e8b465ee728b)  -> (artifact id: '9f7ada73b04e88d6e4b1bfbea702fd26') in 0.010422 seconds 
========================================================================
Received Import Request.
  Time since last request: 0.000026 seconds.
  path: Assets/SimpleNaturePack/Prefabs/Rock_03.prefab
  artifactKey: Guid(0fde05fa0f3321942a21896ff4f0856f) Importer(815301076,1909f56bfc062723c751e8b465ee728b)
Start importing Assets/SimpleNaturePack/Prefabs/Rock_03.prefab using Guid(0fde05fa0f3321942a21896ff4f0856f) Importer(815301076,1909f56bfc062723c751e8b465ee728b)  -> (artifact id: '31a6b0f8224b6e8019897cbce1c93284') in 0.012066 seconds 
========================================================================
Received Import Request.
  Time since last request: 0.000025 seconds.
  path: Assets/SimpleNaturePack/Prefabs/Rock_01.prefab
  artifactKey: Guid(c6308cb7062fac34e8e50600086b12a1) Importer(815301076,1909f56bfc062723c751e8b465ee728b)
Start importing Assets/SimpleNaturePack/Prefabs/Rock_01.prefab using Guid(c6308cb7062fac34e8e50600086b12a1) Importer(815301076,1909f56bfc062723c751e8b465ee728b)  -> (artifact id: '535d05f9d4f6745f54f742393fe10c1c') in 0.011159 seconds 
========================================================================
Received Import Request.
  Time since last request: 0.000030 seconds.
  path: Assets/SimpleNaturePack/Prefabs/Tree_03.prefab
  artifactKey: Guid(c60edd51c065ceb46b345849a03bc106) Importer(815301076,1909f56bfc062723c751e8b465ee728b)
Start importing Assets/SimpleNaturePack/Prefabs/Tree_03.prefab using Guid(c60edd51c065ceb46b345849a03bc106) Importer(815301076,1909f56bfc062723c751e8b465ee728b)  -> (artifact id: 'e4d72dea34038ced1389941d8efec20d') in 0.011348 seconds 
========================================================================
Received Import Request.
  Time since last request: 0.000027 seconds.
  path: Assets/SimpleNaturePack/Prefabs/Tree_05.prefab
  artifactKey: Guid(60f79905accf3b24fa0114b941f1aac0) Importer(815301076,1909f56bfc062723c751e8b465ee728b)
Start importing Assets/SimpleNaturePack/Prefabs/Tree_05.prefab using Guid(60f79905accf3b24fa0114b941f1aac0) Importer(815301076,1909f56bfc062723c751e8b465ee728b)  -> (artifact id: 'b04d8907f639f05c10e0ea0100b52fa2') in 0.011359 seconds 
========================================================================
Received Import Request.
  Time since last request: 0.000026 seconds.
  path: Assets/SimpleNaturePack/Prefabs/Bush_02.prefab
  artifactKey: Guid(b71b0f8d2f881c743a85228f3030d1cb) Importer(815301076,1909f56bfc062723c751e8b465ee728b)
Start importing Assets/SimpleNaturePack/Prefabs/Bush_02.prefab using Guid(b71b0f8d2f881c743a85228f3030d1cb) Importer(815301076,1909f56bfc062723c751e8b465ee728b)  -> (artifact id: '636c8d3c02ac3c256b882c9a1bb6e995') in 0.011111 seconds 
Editor requested this worker to shutdown with reason: Scaling down because of idle timeout
AssetImportWorker is now disconnected from the server
Process exiting
Exiting without the bug reporter. Application will terminate with return code 0